<?xml version="1.0" encoding="UTF-8"?>
<testng-results ignored="0" total="1" passed="1" failed="0" skipped="0">
  <reporter-output>
  </reporter-output>
  <suite started-at="2023-06-05T11:23:18 IST" name="Default suite" finished-at="2023-06-05T11:23:27 IST" duration-ms="9288">
    <groups>
    </groups>
    <test started-at="2023-06-05T11:23:18 IST" name="Default test" finished-at="2023-06-05T11:23:27 IST" duration-ms="9288">
      <class name="com.learnautomation.framework.LoginTest">
        <test-method is-config="true" signature="startApplication()[pri:0, instance:com.learnautomation.framework.LoginTest@5562c41e]" started-at="2023-06-05T11:23:19 IST" name="startApplication" finished-at="2023-06-05T11:23:22 IST" duration-ms="3440" status="PASS">
          <reporter-output>
          </reporter-output>
        </test-method> <!-- startApplication -->
        <test-method signature="invaidLoginApplication(java.lang.String,java.lang.String)[pri:0, instance:com.learnautomation.framework.LoginTest@5562c41e]" started-at="2023-06-05T11:23:22 IST" name="invaidLoginApplication" data-provider="logins" finished-at="2023-06-05T11:23:26 IST" duration-ms="4191" status="PASS">
          <params>
            <param index="0">
              <value>
                <![CDATA[admin@gmail.com]]>
              </value>
            </param>
            <param index="1">
              <value>
                <![CDATA[admin]]>
              </value>
            </param>
          </params>
          <reporter-output>
          </reporter-output>
        </test-method> <!-- invaidLoginApplication -->
        <test-method is-config="true" signature="closeApplication()[pri:0, instance:com.learnautomation.framework.LoginTest@5562c41e]" started-at="2023-06-05T11:23:26 IST" name="closeApplication" finished-at="2023-06-05T11:23:27 IST" duration-ms="734" status="PASS">
          <reporter-output>
          </reporter-output>
        </test-method> <!-- closeApplication -->
      </class> <!-- com.learnautomation.framework.LoginTest -->
    </test> <!-- Default test -->
  </suite> <!-- Default suite -->
</testng-results>
